[ 80626.613] 
X.Org X Server 1.17.2
Release Date: 2015-06-16
[ 80626.613] X Protocol Version 11, Revision 0
[ 80626.613] Build Operating System: Linux 4.0.4-2-ARCH x86_64 
[ 80626.613] Current Operating System: Linux thiblahute 4.1.2-2-ARCH #1 SMP PREEMPT Wed Jul 15 08:30:32 UTC 2015 x86_64
[ 80626.613] Kernel command line: BOOT_IMAGE=/vmlinuz-linux root=UUID=1bd36958-0947-4f31-b9ec-4354530c3240 rw quiet
[ 80626.613] Build Date: 17 July 2015  05:38:19PM
[ 80626.613]  
[ 80626.613] Current version of pixman: 0.32.6
[ 80626.613] 	Before reporting problems, check http://wiki.x.org
	to make sure that you have the latest version.
[ 80626.613] Markers: (--) probed, (**) from config file, (==) default setting,
	(++) from command line, (!!) notice, (II) informational,
	(WW) warning, (EE) error, (NI) not implemented, (??) unknown.
[ 80626.613] (++) Log file: "./10.log", Time: Mon Jul 20 14:15:25 2015
[ 80626.613] (++) Using config file: "/home/thiblahute/xorg.conf"
[ 80626.613] (==) Using system config directory "/usr/share/X11/xorg.conf.d"
[ 80626.613] (==) ServerLayout "dummy_layout"
[ 80626.613] (**) |-->Screen "dummy_screen" (0)
[ 80626.613] (**) |   |-->Monitor "dummy_monitor"
[ 80626.613] (**) |   |-->Device "dummy_videocard"
[ 80626.613] (**) |-->Input Device "dummy_mouse"
[ 80626.613] (**) |-->Input Device "dummy_keyboard"
[ 80626.613] (**) Option "DontVTSwitch" "true"
[ 80626.613] (**) Option "AllowMouseOpenFail" "true"
[ 80626.613] (**) Option "AutoAddDevices" "false"
[ 80626.613] (**) Option "AutoEnableDevices" "false"
[ 80626.613] (**) Not automatically adding devices
[ 80626.613] (**) Not automatically enabling devices
[ 80626.613] (==) Automatically adding GPU devices
[ 80626.613] (WW) `fonts.dir' not found (or not valid) in "/usr/share/fonts/75dpi/".
[ 80626.613] 	Entry deleted from font path.
[ 80626.613] 	(Run 'mkfontdir' on "/usr/share/fonts/75dpi/").
[ 80626.613] (==) FontPath set to:
	/usr/share/fonts/misc/,
	/usr/share/fonts/TTF/,
	/usr/share/fonts/OTF/,
	/usr/share/fonts/Type1/,
	/usr/share/fonts/100dpi/
[ 80626.613] (==) ModulePath set to "/usr/lib/xorg/modules"
[ 80626.613] (II) Loader magic: 0x817d60
[ 80626.613] (II) Module ABI versions:
[ 80626.613] 	X.Org ANSI C Emulation: 0.4
[ 80626.613] 	X.Org Video Driver: 19.0
[ 80626.613] 	X.Org XInput driver : 21.1
[ 80626.613] 	X.Org Server Extension : 9.0
[ 80626.615] (EE) systemd-logind: TakeControl failed: Device or resource busy
[ 80626.615] (II) xfree86: Adding drm device (/dev/dri/card0)
[ 80626.615] (EE) /dev/dri/card0: failed to set DRM interface version 1.4: Permission denied
[ 80626.616] (--) PCI:*(0:0:2:0) 8086:0416:17aa:2210 rev 6, Mem @ 0xf0000000/4194304, 0xe0000000/268435456, I/O @ 0x00004000/64
[ 80626.616] (WW) Open ACPI failed (/var/run/acpid.socket) (No such file or directory)
[ 80626.616] (II) LoadModule: "glx"
[ 80626.616] (II) Loading /usr/lib/xorg/modules/extensions/libglx.so
[ 80626.617] (II) Module glx: vendor="X.Org Foundation"
[ 80626.617] 	compiled for 1.17.2, module version = 1.0.0
[ 80626.617] 	ABI class: X.Org Server Extension, version 9.0
[ 80626.617] (==) AIGLX enabled
[ 80626.617] (II) LoadModule: "dummy"
[ 80626.617] (II) Loading /usr/lib/xorg/modules/drivers/dummy_drv.so
[ 80626.617] (II) Module dummy: vendor="X.Org Foundation"
[ 80626.617] 	compiled for 1.17.0, module version = 0.3.7
[ 80626.617] 	Module class: X.Org Video Driver
[ 80626.617] 	ABI class: X.Org Video Driver, version 19.0
[ 80626.617] (II) LoadModule: "void"
[ 80626.617] (WW) Warning, couldn't open module void
[ 80626.617] (II) UnloadModule: "void"
[ 80626.617] (II) Unloading void
[ 80626.617] (EE) Failed to load module "void" (module does not exist, 0)
[ 80626.617] (II) DUMMY: Driver for Dummy chipsets: dummy
[ 80626.617] (WW) Falling back to old probe method for dummy
[ 80626.617] (II) DUMMY(0): Chipset is a DUMMY
[ 80626.617] (**) DUMMY(0): Depth 24, (--) framebuffer bpp 32
[ 80626.617] (==) DUMMY(0): RGB weight 888
[ 80626.617] (==) DUMMY(0): Default visual is TrueColor
[ 80626.617] (==) DUMMY(0): Using gamma correction (1.0, 1.0, 1.0)
[ 80626.617] (**) DUMMY(0): VideoRAM: 192000 kByte
[ 80626.617] (--) DUMMY(0): Max Clock: 230000 kHz
[ 80626.617] (II) DUMMY(0): dummy_monitor: Using hsync range of 5.00-1000.00 kHz
[ 80626.617] (II) DUMMY(0): dummy_monitor: Using vrefresh range of 5.00-200.00 Hz
[ 80626.617] (II) DUMMY(0): Clock range:  11.00 to 300.00 MHz
[ 80626.617] (II) DUMMY(0): Not using mode "32768x32768" (insufficient memory for mode)
[ 80626.617] (II) DUMMY(0): Not using mode "32768x16384" (insufficient memory for mode)
[ 80626.617] (II) DUMMY(0): Not using mode "16384x8192" (insufficient memory for mode)
[ 80626.617] (II) DUMMY(0): Not using mode "8192x4096" (bad mode clock/interlace/doublescan)
[ 80626.618] (**) DUMMY(0): Virtual size is 8192x4096 (pitch 8192)
[ 80626.618] (**) DUMMY(0): *Mode "5120x3200": 199.8 MHz, 33.7 kHz, 10.0 Hz
[ 80626.618] (II) DUMMY(0): Modeline "5120x3200"x10.0  199.75  5120 5152 5904 5936  3200 3277 3283 3361 (33.7 kHz z)
[ 80626.618] (**) DUMMY(0): *Mode "3840x2880": 133.4 MHz, 30.3 kHz, 10.0 Hz
[ 80626.618] (II) DUMMY(0): Modeline "3840x2880"x10.0  133.43  3840 3872 4376 4408  2880 2950 2955 3025 (30.3 kHz z)
[ 80626.618] (**) DUMMY(0): *Mode "3840x2560": 116.9 MHz, 26.9 kHz, 10.0 Hz
[ 80626.618] (II) DUMMY(0): Modeline "3840x2560"x10.0  116.93  3840 3872 4312 4344  2560 2622 2627 2689 (26.9 kHz z)
[ 80626.618] (**) DUMMY(0): *Mode "3840x2048": 91.5 MHz, 21.5 kHz, 10.0 Hz
[ 80626.618] (II) DUMMY(0): Modeline "3840x2048"x10.0   91.45  3840 3872 4216 4248  2048 2097 2101 2151 (21.5 kHz z)
[ 80626.618] (**) DUMMY(0): *Mode "2048x2048": 49.5 MHz, 21.5 kHz, 10.0 Hz
[ 80626.618] (II) DUMMY(0): Modeline "2048x2048"x10.0   49.47  2048 2080 2264 2296  2048 2097 2101 2151 (21.5 kHz z)
[ 80626.618] (**) DUMMY(0): *Mode "2560x1600": 47.1 MHz, 16.8 kHz, 10.0 Hz
[ 80626.618] (II) DUMMY(0): Modeline "2560x1600"x10.0   47.12  2560 2592 2768 2800  1600 1639 1642 1681 (16.8 kHz z)
[ 80626.618] (**) DUMMY(0): *Mode "1920x1440": 69.5 MHz, 29.1 kHz, 20.0 Hz
[ 80626.618] (II) DUMMY(0): Modeline "1920x1440"x20.0   69.47  1920 1960 2152 2384  1440 1441 1444 1457 (29.1 kHz z)
[ 80626.618] (**) DUMMY(0): *Mode "1920x1200": 26.3 MHz, 12.6 kHz, 10.0 Hz
[ 80626.618] (II) DUMMY(0): Modeline "1920x1200"x10.0   26.28  1920 1952 2048 2080  1200 1229 1231 1261 (12.6 kHz z)
[ 80626.618] (**) DUMMY(0): *Mode "1920x1080": 23.5 MHz, 11.4 kHz, 10.0 Hz
[ 80626.618] (II) DUMMY(0): Modeline "1920x1080"x10.0   23.53  1920 1952 2040 2072  1080 1106 1108 1135 (11.4 kHz z)
[ 80626.618] (**) DUMMY(0): *Mode "1600x1200": 22.0 MHz, 12.6 kHz, 10.0 Hz
[ 80626.618] (II) DUMMY(0): Modeline "1600x1200"x10.0   22.04  1600 1632 1712 1744  1200 1229 1231 1261 (12.6 kHz z)
[ 80626.618] (**) DUMMY(0): *Mode "1680x1050": 20.1 MHz, 11.1 kHz, 10.0 Hz
[ 80626.618] (II) DUMMY(0): Modeline "1680x1050"x10.0   20.08  1680 1712 1784 1816  1050 1075 1077 1103 (11.1 kHz z)
[ 80626.618] (**) DUMMY(0): *Mode "1600x900": 33.9 MHz, 18.9 kHz, 20.0 Hz
[ 80626.618] (II) DUMMY(0): Modeline "1600x900"x20.0   33.92  1600 1632 1760 1792  900 921 924 946 (18.9 kHz z)
[ 80626.618] (**) DUMMY(0): *Default mode "1400x1050": 155.8 MHz, 81.5 kHz, 74.8 Hz
[ 80626.618] (II) DUMMY(0): Modeline "1400x1050"x74.8  155.80  1400 1464 1784 1912  1050 1052 1064 1090 +hsync +vsync (81.5 kHz zd)
[ 80626.618] (**) DUMMY(0): *Mode "1440x900": 30.7 MHz, 19.0 kHz, 20.1 Hz
[ 80626.618] (II) DUMMY(0): Modeline "1440x900"x20.1   30.66  1440 1472 1584 1616  900 921 924 946 (19.0 kHz z)
[ 80626.618] (**) DUMMY(0): *Mode "1280x1024": 31.5 MHz, 21.6 kHz, 20.1 Hz
[ 80626.618] (II) DUMMY(0): Modeline "1280x1024"x20.1   31.50  1280 1312 1424 1456  1024 1048 1052 1076 (21.6 kHz z)
[ 80626.618] (**) DUMMY(0): *Mode "1366x768": 72.0 MHz, 48.2 kHz, 60.0 Hz
[ 80626.618] (II) DUMMY(0): Modeline "1366x768"x60.0   72.00  1366 1414 1446 1494  768 771 777 803 (48.2 kHz z)
[ 80626.618] (**) DUMMY(0): *Mode "1280x800": 24.1 MHz, 16.9 kHz, 20.1 Hz
[ 80626.618] (II) DUMMY(0): Modeline "1280x800"x20.1   24.15  1280 1312 1400 1432  800 819 822 841 (16.9 kHz z)
[ 80626.618] (**) DUMMY(0): *Mode "1024x768": 23.8 MHz, 20.2 kHz, 25.0 Hz
[ 80626.618] (II) DUMMY(0): Modeline "1024x768"x25.0   23.77  1024 1056 1144 1176  768 785 789 807 (20.2 kHz z)
[ 80626.618] (**) DUMMY(0): *Mode "1024x600": 18.3 MHz, 15.9 kHz, 25.1 Hz
[ 80626.618] (II) DUMMY(0): Modeline "1024x600"x25.1   18.26  1024 1056 1120 1152  600 614 617 631 (15.9 kHz z)
[ 80626.618] (**) DUMMY(0): *Mode "800x600": 14.5 MHz, 15.9 kHz, 25.2 Hz
[ 80626.618] (II) DUMMY(0): Modeline "800x600"x25.2   14.50  800 832 880 912  600 614 617 631 (15.9 kHz z)
[ 80626.618] (**) DUMMY(0): *Default mode "320x200": 15.8 MHz, 37.9 kHz, 85.3 Hz (D)
[ 80626.618] (II) DUMMY(0): Modeline "320x200"x85.3   15.75  320 336 368 416  200 200 202 222 doublescan -hsync +vsync (37.9 kHz zd)
[ 80626.618] (**) DUMMY(0):  Mode "5496x1200": 199.1 MHz, 31.5 kHz, 25.0 Hz
[ 80626.618] (II) DUMMY(0): Modeline "5496x1200"x25.0  199.13  5496 5528 6280 6312  1200 1228 1233 1261 (31.5 kHz)
[ 80626.618] (**) DUMMY(0):  Mode "5280x1200": 191.4 MHz, 31.6 kHz, 25.0 Hz
[ 80626.618] (II) DUMMY(0): Modeline "5280x1200"x25.0  191.40  5280 5312 6032 6064  1200 1228 1233 1261 (31.6 kHz)
[ 80626.618] (**) DUMMY(0):  Mode "4800x1200": 64.4 MHz, 12.6 kHz, 10.0 Hz
[ 80626.618] (II) DUMMY(0): Modeline "4800x1200"x10.0   64.42  4800 4832 5072 5104  1200 1229 1231 1261 (12.6 kHz)
[ 80626.618] (**) DUMMY(0):  Mode "5280x1080": 170.0 MHz, 28.4 kHz, 25.0 Hz
[ 80626.618] (II) DUMMY(0): Modeline "5280x1080"x25.0  169.96  5280 5312 5952 5984  1080 1105 1110 1135 (28.4 kHz)
[ 80626.618] (**) DUMMY(0):  Mode "3600x1200": 106.1 MHz, 24.3 kHz, 20.0 Hz
[ 80626.618] (II) DUMMY(0): Modeline "3600x1200"x20.0  106.06  3600 3632 3984 4368  1200 1201 1204 1214 (24.3 kHz)
[ 80626.618] (**) DUMMY(0):  Mode "3840x1080": 100.4 MHz, 21.9 kHz, 20.0 Hz
[ 80626.618] (II) DUMMY(0): Modeline "3840x1080"x20.0  100.38  3840 3848 4216 4592  1080 1081 1084 1093 (21.9 kHz)
[ 80626.618] (**) DUMMY(0):  Mode "2560x1440": 42.1 MHz, 15.1 kHz, 10.0 Hz
[ 80626.618] (II) DUMMY(0): Modeline "2560x1440"x10.0   42.12  2560 2592 2752 2784  1440 1475 1478 1513 (15.1 kHz)
[ 80626.618] (**) DUMMY(0):  Mode "3288x1080": 39.8 MHz, 11.4 kHz, 10.0 Hz
[ 80626.618] (II) DUMMY(0): Modeline "3288x1080"x10.0   39.76  3288 3320 3464 3496  1080 1106 1108 1135 (11.4 kHz)
[ 80626.618] (**) DUMMY(0):  Mode "2048x1536": 80.1 MHz, 31.1 kHz, 20.0 Hz
[ 80626.618] (II) DUMMY(0): Modeline "2048x1536"x20.0   80.06  2048 2104 2312 2576  1536 1537 1540 1554 (31.1 kHz)
[ 80626.618] (**) DUMMY(0):  Default mode "1856x1392": 288.0 MHz, 112.5 kHz, 75.0 Hz
[ 80626.618] (II) DUMMY(0): Modeline "1856x1392"x75.0  288.00  1856 1984 2208 2560  1392 1393 1396 1500 -hsync +vsync (112.5 kHz d)
[ 80626.618] (**) DUMMY(0):  Default mode "1856x1392": 218.3 MHz, 86.4 kHz, 60.0 Hz
[ 80626.618] (II) DUMMY(0): Modeline "1856x1392"x60.0  218.30  1856 1952 2176 2528  1392 1393 1396 1439 -hsync +vsync (86.4 kHz d)
[ 80626.618] (**) DUMMY(0):  Default mode "1792x1344": 261.0 MHz, 106.3 kHz, 75.0 Hz
[ 80626.618] (II) DUMMY(0): Modeline "1792x1344"x75.0  261.00  1792 1888 2104 2456  1344 1345 1348 1417 -hsync +vsync (106.3 kHz d)
[ 80626.618] (**) DUMMY(0):  Default mode "1792x1344": 204.8 MHz, 83.7 kHz, 60.0 Hz
[ 80626.618] (II) DUMMY(0): Modeline "1792x1344"x60.0  204.80  1792 1920 2120 2448  1344 1345 1348 1394 -hsync +vsync (83.7 kHz d)
[ 80626.618] (**) DUMMY(0):  Default mode "1400x1050": 122.0 MHz, 64.9 kHz, 60.0 Hz
[ 80626.618] (II) DUMMY(0): Modeline "1400x1050"x60.0  122.00  1400 1488 1640 1880  1050 1052 1064 1082 +hsync +vsync (64.9 kHz d)
[ 80626.618] (**) DUMMY(0):  Default mode "1280x960": 148.5 MHz, 85.9 kHz, 85.0 Hz
[ 80626.618] (II) DUMMY(0): Modeline "1280x960"x85.0  148.50  1280 1344 1504 1728  960 961 964 1011 +hsync +vsync (85.9 kHz d)
[ 80626.618] (**) DUMMY(0):  Default mode "1280x960": 108.0 MHz, 60.0 kHz, 60.0 Hz
[ 80626.618] (II) DUMMY(0): Modeline "1280x960"x60.0  108.00  1280 1376 1488 1800  960 961 964 1000 +hsync +vsync (60.0 kHz d)
[ 80626.618] (**) DUMMY(0):  Mode "1360x768": 24.5 MHz, 16.2 kHz, 20.1 Hz
[ 80626.618] (II) DUMMY(0): Modeline "1360x768"x20.1   24.49  1360 1392 1480 1512  768 786 789 807 (16.2 kHz)
[ 80626.618] (**) DUMMY(0):  Mode "800x1280": 25.9 MHz, 27.0 kHz, 20.1 Hz
[ 80626.618] (II) DUMMY(0): Modeline "800x1280"x20.1   25.89  800 832 928 960  1280 1310 1315 1345 (27.0 kHz)
[ 80626.618] (**) DUMMY(0):  Mode "1280x800": 24.1 MHz, 16.9 kHz, 20.1 Hz
[ 80626.618] (II) DUMMY(0): Modeline "1280x800"x20.1   24.15  1280 1312 1400 1432  800 819 822 841 (16.9 kHz)
[ 80626.618] (**) DUMMY(0):  Default mode "1152x864": 108.0 MHz, 67.5 kHz, 75.0 Hz
[ 80626.618] (II) DUMMY(0): Modeline "1152x864"x75.0  108.00  1152 1216 1344 1600  864 865 868 900 +hsync +vsync (67.5 kHz d)
[ 80626.618] (**) DUMMY(0):  Mode "800x1242": 25.0 MHz, 26.3 kHz, 20.1 Hz
[ 80626.618] (II) DUMMY(0): Modeline "800x1242"x20.1   25.03  800 832 920 952  1242 1271 1275 1305 (26.3 kHz)
[ 80626.618] (**) DUMMY(0):  Mode "1280x768": 23.1 MHz, 16.2 kHz, 20.1 Hz
[ 80626.618] (II) DUMMY(0): Modeline "1280x768"x20.1   23.11  1280 1312 1392 1424  768 786 789 807 (16.2 kHz)
[ 80626.618] (**) DUMMY(0):  Mode "1280x762": 22.9 MHz, 16.1 kHz, 20.1 Hz
[ 80626.618] (II) DUMMY(0): Modeline "1280x762"x20.1   22.93  1280 1312 1392 1424  762 780 783 801 (16.1 kHz)
[ 80626.618] (**) DUMMY(0):  Mode "720x1280": 30.2 MHz, 33.7 kHz, 25.1 Hz
[ 80626.618] (II) DUMMY(0): Modeline "720x1280"x25.1   30.22  720 752 864 896  1280 1309 1315 1345 (33.7 kHz)
[ 80626.618] (**) DUMMY(0):  Mode "1280x720": 27.4 MHz, 18.9 kHz, 25.0 Hz
[ 80626.618] (II) DUMMY(0): Modeline "1280x720"x25.0   27.41  1280 1312 1416 1448  720 737 740 757 (18.9 kHz)
[ 80626.618] (**) DUMMY(0):  Mode "720x1242": 29.2 MHz, 32.9 kHz, 25.2 Hz
[ 80626.618] (II) DUMMY(0): Modeline "720x1242"x25.2   29.20  720 752 856 888  1242 1271 1276 1305 (32.9 kHz)
[ 80626.618] (**) DUMMY(0):  Mode "1280x682": 25.9 MHz, 18.0 kHz, 25.0 Hz
[ 80626.618] (II) DUMMY(0): Modeline "1280x682"x25.0   25.85  1280 1312 1408 1440  682 698 701 717 (18.0 kHz)
[ 80626.618] (**) DUMMY(0):  Mode "1024x768": 18.7 MHz, 16.2 kHz, 20.1 Hz
[ 80626.618] (II) DUMMY(0): Modeline "1024x768"x20.1   18.71  1024 1056 1120 1152  768 786 789 807 (16.2 kHz)
[ 80626.618] (**) DUMMY(0):  Mode "768x1024": 24.9 MHz, 27.1 kHz, 25.2 Hz
[ 80626.618] (II) DUMMY(0): Modeline "768x1024"x25.2   24.93  768 800 888 920  1024 1047 1052 1076 (27.1 kHz)
[ 80626.618] (**) DUMMY(0):  Mode "768x1024": 19.5 MHz, 21.6 kHz, 20.0 Hz
[ 80626.618] (II) DUMMY(0): Modeline "768x1024"x20.0   19.50  768 800 872 904  1024 1048 1052 1076 (21.6 kHz)
[ 80626.618] (**) DUMMY(0):  Default mode "1024x768i": 44.9 MHz, 35.5 kHz, 86.9 Hz (I)
[ 80626.618] (II) DUMMY(0): Modeline "1024x768i"x86.9   44.90  1024 1032 1208 1264  768 768 776 817 interlace +hsync +vsync (35.5 kHz d)
[ 80626.618] (**) DUMMY(0):  Mode "768x986": 23.9 MHz, 26.0 kHz, 25.1 Hz
[ 80626.618] (II) DUMMY(0): Modeline "768x986"x25.1   23.90  768 800 888 920  986 1009 1013 1036 (26.0 kHz)
[ 80626.618] (**) DUMMY(0):  Mode "1024x730": 22.5 MHz, 19.3 kHz, 25.1 Hz
[ 80626.618] (II) DUMMY(0): Modeline "1024x730"x25.1   22.50  1024 1056 1136 1168  730 747 750 767 (19.3 kHz)
[ 80626.618] (**) DUMMY(0):  Default mode "960x720": 170.7 MHz, 128.5 kHz, 85.0 Hz (D)
[ 80626.618] (II) DUMMY(0): Modeline "960x720"x85.0  170.68  960 1036 1144 1328  720 720 722 756 doublescan -hsync +vsync (128.5 kHz d)
[ 80626.618] (**) DUMMY(0):  Default mode "960x720": 148.5 MHz, 112.5 kHz, 75.0 Hz (D)
[ 80626.618] (II) DUMMY(0): Modeline "960x720"x75.0  148.50  960 1032 1144 1320  720 720 722 750 doublescan -hsync +vsync (112.5 kHz d)
[ 80626.618] (**) DUMMY(0):  Default mode "960x720": 117.0 MHz, 90.0 kHz, 60.0 Hz (D)
[ 80626.618] (II) DUMMY(0): Modeline "960x720"x60.0  117.00  960 1024 1128 1300  720 720 722 750 doublescan -hsync +vsync (90.0 kHz d)
[ 80626.618] (**) DUMMY(0):  Default mode "928x696": 144.0 MHz, 112.5 kHz, 75.0 Hz (D)
[ 80626.618] (II) DUMMY(0): Modeline "928x696"x75.0  144.00  928 992 1104 1280  696 696 698 750 doublescan -hsync +vsync (112.5 kHz d)
[ 80626.618] (**) DUMMY(0):  Default mode "928x696": 109.2 MHz, 86.4 kHz, 60.1 Hz (D)
[ 80626.618] (II) DUMMY(0): Modeline "928x696"x60.1  109.15  928 976 1088 1264  696 696 698 719 doublescan -hsync +vsync (86.4 kHz d)
[ 80626.618] (**) DUMMY(0):  Mode "600x1024": 19.9 MHz, 27.0 kHz, 25.1 Hz
[ 80626.618] (II) DUMMY(0): Modeline "600x1024"x25.1   19.90  600 632 704 736  1024 1047 1052 1076 (27.0 kHz)
[ 80626.618] (**) DUMMY(0):  Default mode "896x672": 130.5 MHz, 106.3 kHz, 75.0 Hz (D)
[ 80626.618] (II) DUMMY(0): Modeline "896x672"x75.0  130.50  896 944 1052 1228  672 672 674 708 doublescan -hsync +vsync (106.3 kHz d)
[ 80626.618] (**) DUMMY(0):  Default mode "896x672": 102.4 MHz, 83.7 kHz, 60.0 Hz (D)
[ 80626.618] (II) DUMMY(0): Modeline "896x672"x60.0  102.40  896 960 1060 1224  672 672 674 697 doublescan -hsync +vsync (83.7 kHz d)
[ 80626.618] (**) DUMMY(0):  Mode "600x986": 19.1 MHz, 25.9 kHz, 25.0 Hz
[ 80626.618] (II) DUMMY(0): Modeline "600x986"x25.0   19.07  600 632 704 736  986 1009 1013 1036 (25.9 kHz)
[ 80626.618] (**) DUMMY(0):  Mode "1024x562": 17.0 MHz, 14.8 kHz, 25.0 Hz
[ 80626.618] (II) DUMMY(0): Modeline "1024x562"x25.0   17.03  1024 1056 1120 1152  562 575 578 591 (14.8 kHz)
[ 80626.618] (**) DUMMY(0):  Default mode "832x624": 57.3 MHz, 49.7 kHz, 74.6 Hz
[ 80626.618] (II) DUMMY(0): Modeline "832x624"x74.6   57.28  832 864 928 1152  624 625 628 667 -hsync -vsync (49.7 kHz d)
[ 80626.618] (**) DUMMY(0):  Mode "536x960": 16.7 MHz, 25.5 kHz, 25.3 Hz
[ 80626.618] (II) DUMMY(0): Modeline "536x960"x25.3   16.74  536 568 624 656  960 982 986 1009 (25.5 kHz)
[ 80626.618] (**) DUMMY(0):  Mode "960x536": 15.2 MHz, 14.1 kHz, 25.0 Hz
[ 80626.618] (II) DUMMY(0): Modeline "960x536"x25.0   15.23  960 992 1048 1080  536 548 551 563 (14.1 kHz)
[ 80626.618] (**) DUMMY(0):  Mode "536x922": 16.0 MHz, 24.4 kHz, 25.2 Hz
[ 80626.618] (II) DUMMY(0): Modeline "536x922"x25.2   16.01  536 568 624 656  922 943 947 969 (24.4 kHz)
[ 80626.618] (**) DUMMY(0):  Mode "600x800": 15.2 MHz, 21.1 kHz, 25.1 Hz
[ 80626.618] (II) DUMMY(0): Modeline "600x800"x25.1   15.17  600 632 688 720  800 818 822 841 (21.1 kHz)
[ 80626.618] (**) DUMMY(0):  Mode "960x498": 14.1 MHz, 13.1 kHz, 25.1 Hz
[ 80626.618] (II) DUMMY(0): Modeline "960x498"x25.1   14.09  960 992 1040 1072  498 509 511 523 (13.1 kHz)
[ 80626.618] (**) DUMMY(0):  Mode "600x762": 14.4 MHz, 20.2 kHz, 25.2 Hz
[ 80626.618] (II) DUMMY(0): Modeline "600x762"x25.2   14.39  600 632 680 712  762 779 783 801 (20.2 kHz)
[ 80626.618] (**) DUMMY(0):  Mode "800x562": 13.5 MHz, 14.8 kHz, 25.1 Hz
[ 80626.618] (II) DUMMY(0): Modeline "800x562"x25.1   13.52  800 832 880 912  562 575 578 591 (14.8 kHz)
[ 80626.618] (**) DUMMY(0):  Mode "480x854": 13.3 MHz, 22.5 kHz, 25.1 Hz
[ 80626.618] (II) DUMMY(0): Modeline "480x854"x25.1   13.34  480 512 560 592  854 873 877 897 (22.5 kHz)
[ 80626.618] (**) DUMMY(0):  Mode "848x480": 12.1 MHz, 12.7 kHz, 25.1 Hz
[ 80626.618] (II) DUMMY(0): Modeline "848x480"x25.1   12.09  848 880 920 952  480 491 493 505 (12.7 kHz)
[ 80626.618] (**) DUMMY(0):  Mode "480x810": 12.6 MHz, 21.6 kHz, 25.3 Hz
[ 80626.618] (II) DUMMY(0): Modeline "480x810"x25.3   12.59  480 512 552 584  810 828 832 851 (21.6 kHz)
[ 80626.618] (**) DUMMY(0):  Mode "480x800": 12.4 MHz, 21.3 kHz, 25.3 Hz
[ 80626.618] (II) DUMMY(0): Modeline "480x800"x25.3   12.43  480 512 552 584  800 818 822 841 (21.3 kHz)
[ 80626.618] (**) DUMMY(0):  Mode "800x480": 11.5 MHz, 12.7 kHz, 25.1 Hz
[ 80626.618] (II) DUMMY(0): Modeline "800x480"x25.1   11.46  800 832 872 904  480 491 493 505 (12.7 kHz)
[ 80626.618] (**) DUMMY(0):  Mode "848x442": 11.1 MHz, 11.6 kHz, 25.1 Hz
[ 80626.618] (II) DUMMY(0): Modeline "848x442"x25.1   11.09  848 880 920 952  442 452 454 465 (11.6 kHz)
[ 80626.618] (**) DUMMY(0):  Default mode "700x525": 77.9 MHz, 81.5 kHz, 74.8 Hz (D)
[ 80626.618] (II) DUMMY(0): Modeline "700x525"x74.8   77.90  700 732 892 956  525 526 532 545 doublescan +hsync +vsync (81.5 kHz d)
[ 80626.618] (**) DUMMY(0):  Default mode "700x525": 61.0 MHz, 64.9 kHz, 60.0 Hz (D)
[ 80626.618] (II) DUMMY(0): Modeline "700x525"x60.0   61.00  700 744 820 940  525 526 532 541 doublescan +hsync +vsync (64.9 kHz d)
[ 80626.618] (**) DUMMY(0):  Mode "480x762": 11.8 MHz, 20.2 kHz, 25.2 Hz
[ 80626.618] (II) DUMMY(0): Modeline "480x762"x25.2   11.79  480 512 552 584  762 779 783 801 (20.2 kHz)
[ 80626.618] (**) DUMMY(0):  Default mode "640x512": 78.8 MHz, 91.1 kHz, 85.0 Hz (D)
[ 80626.618] (II) DUMMY(0): Modeline "640x512"x85.0   78.75  640 672 752 864  512 512 514 536 doublescan +hsync +vsync (91.1 kHz d)
[ 80626.618] (**) DUMMY(0):  Default mode "640x512": 67.5 MHz, 80.0 kHz, 75.0 Hz (D)
[ 80626.618] (II) DUMMY(0): Modeline "640x512"x75.0   67.50  640 648 720 844  512 512 514 533 doublescan +hsync +vsync (80.0 kHz d)
[ 80626.618] (**) DUMMY(0):  Default mode "640x512": 54.0 MHz, 64.0 kHz, 60.0 Hz (D)
[ 80626.618] (II) DUMMY(0): Modeline "640x512"x60.0   54.00  640 664 720 844  512 512 514 533 doublescan +hsync +vsync (64.0 kHz d)
[ 80626.618] (**) DUMMY(0):  Default mode "640x480": 74.2 MHz, 85.9 kHz, 85.1 Hz (D)
[ 80626.618] (II) DUMMY(0): Modeline "640x480"x85.1   74.25  640 672 752 864  480 480 482 505 doublescan +hsync +vsync (85.9 kHz d)
[ 80626.618] (**) DUMMY(0):  Default mode "640x480": 36.0 MHz, 43.3 kHz, 85.0 Hz
[ 80626.618] (II) DUMMY(0): Modeline "640x480"x85.0   36.00  640 696 752 832  480 481 484 509 -hsync -vsync (43.3 kHz d)
[ 80626.618] (**) DUMMY(0):  Default mode "640x480": 31.5 MHz, 37.5 kHz, 75.0 Hz
[ 80626.618] (II) DUMMY(0): Modeline "640x480"x75.0   31.50  640 656 720 840  480 481 484 500 -hsync -vsync (37.5 kHz d)
[ 80626.618] (**) DUMMY(0):  Default mode "640x480": 31.5 MHz, 37.9 kHz, 72.8 Hz
[ 80626.618] (II) DUMMY(0): Modeline "640x480"x72.8   31.50  640 664 704 832  480 489 492 520 -hsync -vsync (37.9 kHz d)
[ 80626.618] (**) DUMMY(0):  Default mode "640x480": 54.0 MHz, 60.0 kHz, 60.0 Hz (D)
[ 80626.618] (II) DUMMY(0): Modeline "640x480"x60.0   54.00  640 688 744 900  480 480 482 500 doublescan +hsync +vsync (60.0 kHz d)
[ 80626.618] (**) DUMMY(0):  Default mode "640x480": 25.2 MHz, 31.5 kHz, 59.9 Hz
[ 80626.618] (II) DUMMY(0): Modeline "640x480"x59.9   25.18  640 656 752 800  480 490 492 525 -hsync -vsync (31.5 kHz d)
[ 80626.618] (**) DUMMY(0):  Default mode "720x400": 35.5 MHz, 37.9 kHz, 85.0 Hz
[ 80626.618] (II) DUMMY(0): Modeline "720x400"x85.0   35.50  720 756 828 936  400 401 404 446 -hsync +vsync (37.9 kHz d)
[ 80626.618] (**) DUMMY(0):  Default mode "640x400": 31.5 MHz, 37.9 kHz, 85.1 Hz
[ 80626.618] (II) DUMMY(0): Modeline "640x400"x85.1   31.50  640 672 736 832  400 401 404 445 -hsync +vsync (37.9 kHz d)
[ 80626.618] (**) DUMMY(0):  Default mode "576x432": 54.0 MHz, 67.5 kHz, 75.0 Hz (D)
[ 80626.618] (II) DUMMY(0): Modeline "576x432"x75.0   54.00  576 608 672 800  432 432 434 450 doublescan +hsync +vsync (67.5 kHz d)
[ 80626.618] (**) DUMMY(0):  Default mode "640x350": 31.5 MHz, 37.9 kHz, 85.1 Hz
[ 80626.618] (II) DUMMY(0): Modeline "640x350"x85.1   31.50  640 672 736 832  350 382 385 445 +hsync -vsync (37.9 kHz d)
[ 80626.618] (**) DUMMY(0):  Default mode "512x384i": 22.4 MHz, 35.5 kHz, 86.6 Hz (D)
[ 80626.618] (II) DUMMY(0): Modeline "512x384i"x86.6   22.45  512 516 604 632  384 384 388 409 interlace doublescan +hsync +vsync (35.5 kHz d)
[ 80626.618] (**) DUMMY(0):  Default mode "512x384": 47.2 MHz, 68.7 kHz, 85.0 Hz (D)
[ 80626.618] (II) DUMMY(0): Modeline "512x384"x85.0   47.25  512 536 584 688  384 384 386 404 doublescan +hsync +vsync (68.7 kHz d)
[ 80626.618] (**) DUMMY(0):  Default mode "512x384": 39.4 MHz, 60.0 kHz, 75.0 Hz (D)
[ 80626.618] (II) DUMMY(0): Modeline "512x384"x75.0   39.38  512 520 568 656  384 384 386 400 doublescan +hsync +vsync (60.0 kHz d)
[ 80626.618] (**) DUMMY(0):  Default mode "512x384": 37.5 MHz, 56.5 kHz, 70.1 Hz (D)
[ 80626.618] (II) DUMMY(0): Modeline "512x384"x70.1   37.50  512 524 592 664  384 385 388 403 doublescan -hsync -vsync (56.5 kHz d)
[ 80626.618] (**) DUMMY(0):  Default mode "512x384": 32.5 MHz, 48.4 kHz, 60.0 Hz (D)
[ 80626.618] (II) DUMMY(0): Modeline "512x384"x60.0   32.50  512 524 592 672  384 385 388 403 doublescan -hsync -vsync (48.4 kHz d)
[ 80626.618] (**) DUMMY(0):  Default mode "416x312": 28.6 MHz, 49.7 kHz, 74.7 Hz (D)
[ 80626.619] (II) DUMMY(0): Modeline "416x312"x74.7   28.64  416 432 464 576  312 312 314 333 doublescan -hsync -vsync (49.7 kHz d)
[ 80626.619] (**) DUMMY(0):  Default mode "400x300": 28.1 MHz, 53.7 kHz, 85.3 Hz (D)
[ 80626.619] (II) DUMMY(0): Modeline "400x300"x85.3   28.15  400 416 448 524  300 300 302 315 doublescan +hsync +vsync (53.7 kHz d)
[ 80626.619] (**) DUMMY(0):  Default mode "400x300": 24.8 MHz, 46.9 kHz, 75.1 Hz (D)
[ 80626.619] (II) DUMMY(0): Modeline "400x300"x75.1   24.75  400 408 448 528  300 300 302 312 doublescan +hsync +vsync (46.9 kHz d)
[ 80626.619] (**) DUMMY(0):  Default mode "400x300": 25.0 MHz, 48.1 kHz, 72.2 Hz (D)
[ 80626.619] (II) DUMMY(0): Modeline "400x300"x72.2   25.00  400 428 488 520  300 318 321 333 doublescan +hsync +vsync (48.1 kHz d)
[ 80626.619] (**) DUMMY(0):  Default mode "400x300": 20.0 MHz, 37.9 kHz, 60.3 Hz (D)
[ 80626.619] (II) DUMMY(0): Modeline "400x300"x60.3   20.00  400 420 484 528  300 300 302 314 doublescan +hsync +vsync (37.9 kHz d)
[ 80626.619] (**) DUMMY(0):  Default mode "400x300": 18.0 MHz, 35.2 kHz, 56.3 Hz (D)
[ 80626.619] (II) DUMMY(0): Modeline "400x300"x56.3   18.00  400 412 448 512  300 300 301 312 doublescan +hsync +vsync (35.2 kHz d)
[ 80626.619] (**) DUMMY(0):  Default mode "320x240": 18.0 MHz, 43.3 kHz, 85.2 Hz (D)
[ 80626.619] (II) DUMMY(0): Modeline "320x240"x85.2   18.00  320 348 376 416  240 240 242 254 doublescan -hsync -vsync (43.3 kHz d)
[ 80626.619] (**) DUMMY(0):  Default mode "320x240": 15.8 MHz, 37.5 kHz, 75.0 Hz (D)
[ 80626.619] (II) DUMMY(0): Modeline "320x240"x75.0   15.75  320 328 360 420  240 240 242 250 doublescan -hsync -vsync (37.5 kHz d)
[ 80626.619] (**) DUMMY(0):  Default mode "320x240": 15.8 MHz, 37.9 kHz, 72.8 Hz (D)
[ 80626.619] (II) DUMMY(0): Modeline "320x240"x72.8   15.75  320 332 352 416  240 244 246 260 doublescan -hsync -vsync (37.9 kHz d)
[ 80626.619] (**) DUMMY(0):  Default mode "320x240": 12.6 MHz, 31.5 kHz, 60.1 Hz (D)
[ 80626.619] (II) DUMMY(0): Modeline "320x240"x60.1   12.59  320 328 376 400  240 245 246 262 doublescan -hsync -vsync (31.5 kHz d)
[ 80626.619] (**) DUMMY(0):  Default mode "360x200": 17.8 MHz, 37.9 kHz, 85.0 Hz (D)
[ 80626.619] (II) DUMMY(0): Modeline "360x200"x85.0   17.75  360 378 414 468  200 200 202 223 doublescan -hsync +vsync (37.9 kHz d)
[ 80626.619] (**) DUMMY(0):  Default mode "320x175": 15.8 MHz, 37.9 kHz, 85.3 Hz (D)
[ 80626.619] (II) DUMMY(0): Modeline "320x175"x85.3   15.75  320 336 368 416  175 191 192 222 doublescan +hsync -vsync (37.9 kHz d)
[ 80626.619] (==) DUMMY(0): DPI set to (96, 96)
[ 80626.619] (II) Loading sub module "fb"
[ 80626.619] (II) LoadModule: "fb"
[ 80626.619] (II) Loading /usr/lib/xorg/modules/libfb.so
[ 80626.619] (II) Module fb: vendor="X.Org Foundation"
[ 80626.619] 	compiled for 1.17.2, module version = 1.0.0
[ 80626.619] 	ABI class: X.Org ANSI C Emulation, version 0.4
[ 80626.619] (II) Loading sub module "ramdac"
[ 80626.619] (II) LoadModule: "ramdac"
[ 80626.619] (II) Module "ramdac" already built-in
[ 80626.619] (--) Depth 24 pixmap format is 32 bpp
[ 80626.619] (II) DUMMY(0): Using 1904 scanlines of offscreen memory 
[ 80626.619] (==) DUMMY(0): Backing store enabled
[ 80626.619] (==) DUMMY(0): Silken mouse enabled
[ 80626.619] (WW) DUMMY(0): Option "ConstantDPI" is not used
[ 80626.619] (==) RandR enabled
[ 80626.622] (II) AIGLX: Screen 0 is not DRI2 capable
[ 80626.622] (EE) AIGLX: reverting to software rendering
[ 80626.632] (II) AIGLX: Loaded and initialized swrast
[ 80626.632] (II) GLX: Initialized DRISWRAST GL provider for screen 0
[ 80626.794] (II) LoadModule: "void"
[ 80626.794] (WW) Warning, couldn't open module void
[ 80626.794] (II) UnloadModule: "void"
[ 80626.794] (II) Unloading void
[ 80626.794] (EE) Failed to load module "void" (module does not exist, 0)
[ 80626.794] (EE) No input driver matching `void'
[ 80626.794] (II) LoadModule: "void"
[ 80626.794] (WW) Warning, couldn't open module void
[ 80626.794] (II) UnloadModule: "void"
[ 80626.794] (II) Unloading void
[ 80626.794] (EE) Failed to load module "void" (module does not exist, 0)
[ 80626.794] (EE) No input driver matching `void'
[ 80626.799] (II) config/udev: Adding input device Power Button (/dev/input/event3)
[ 80626.799] (II) AutoAddDevices is off - not adding device.
[ 80626.799] (II) config/udev: Adding input device Video Bus (/dev/input/event12)
[ 80626.799] (II) AutoAddDevices is off - not adding device.
[ 80626.799] (II) config/udev: Adding input device Lid Switch (/dev/input/event1)
[ 80626.799] (II) AutoAddDevices is off - not adding device.
[ 80626.799] (II) config/udev: Adding input device Sleep Button (/dev/input/event2)
[ 80626.799] (II) AutoAddDevices is off - not adding device.
[ 80626.799] (II) config/udev: Adding drm device (/dev/dri/card0)
[ 80626.799] (II) xfree86: Adding drm device (/dev/dri/card0)
[ 80626.799] (EE) /dev/dri/card0: failed to set DRM interface version 1.4: Permission denied
[ 80626.800] (II) config/udev: Adding input device HDA Intel HDMI HDMI/DP,pcm=3 (/dev/input/event13)
[ 80626.800] (II) AutoAddDevices is off - not adding device.
[ 80626.800] (II) config/udev: Adding input device HDA Intel HDMI HDMI/DP,pcm=7 (/dev/input/event14)
[ 80626.800] (II) AutoAddDevices is off - not adding device.
[ 80626.800] (II) config/udev: Adding input device HDA Intel HDMI HDMI/DP,pcm=8 (/dev/input/event15)
[ 80626.800] (II) AutoAddDevices is off - not adding device.
[ 80626.800] (II) config/udev: Adding input device Logitech USB-PS/2 Optical Mouse (/dev/input/event20)
[ 80626.800] (II) AutoAddDevices is off - not adding device.
[ 80626.800] (II) config/udev: Adding input device Logitech USB-PS/2 Optical Mouse (/dev/input/mouse2)
[ 80626.800] (II) AutoAddDevices is off - not adding device.
[ 80626.801] (II) config/udev: Adding input device Integrated Camera (/dev/input/event6)
[ 80626.801] (II) AutoAddDevices is off - not adding device.
[ 80626.801] (II) config/udev: Adding input device CHICONY USB Keyboard (/dev/input/event18)
[ 80626.801] (II) AutoAddDevices is off - not adding device.
[ 80626.801] (II) config/udev: Adding input device CHICONY USB Keyboard (/dev/input/event19)
[ 80626.801] (II) AutoAddDevices is off - not adding device.
[ 80626.801] (II) config/udev: Adding input device HDA Intel PCH Dock Mic (/dev/input/event8)
[ 80626.801] (II) AutoAddDevices is off - not adding device.
[ 80626.801] (II) config/udev: Adding input device HDA Intel PCH Mic (/dev/input/event9)
[ 80626.801] (II) AutoAddDevices is off - not adding device.
[ 80626.802] (II) config/udev: Adding input device HDA Intel PCH Dock Headphone (/dev/input/event10)
[ 80626.802] (II) AutoAddDevices is off - not adding device.
[ 80626.802] (II) config/udev: Adding input device HDA Intel PCH Headphone (/dev/input/event11)
[ 80626.802] (II) AutoAddDevices is off - not adding device.
[ 80626.802] (II) config/udev: Adding input device HDA Digital PCBeep (/dev/input/event7)
[ 80626.802] (II) AutoAddDevices is off - not adding device.
[ 80626.802] (II) config/udev: Adding input device AT Translated Set 2 keyboard (/dev/input/event0)
[ 80626.802] (II) AutoAddDevices is off - not adding device.
[ 80626.802] (II) config/udev: Adding input device SynPS/2 Synaptics TouchPad (/dev/input/event16)
[ 80626.802] (II) AutoAddDevices is off - not adding device.
[ 80626.802] (II) config/udev: Adding input device SynPS/2 Synaptics TouchPad (/dev/input/mouse0)
[ 80626.802] (II) AutoAddDevices is off - not adding device.
[ 80626.803] (II) config/udev: Adding input device TPPS/2 IBM TrackPoint (/dev/input/event17)
[ 80626.803] (II) AutoAddDevices is off - not adding device.
[ 80626.803] (II) config/udev: Adding input device TPPS/2 IBM TrackPoint (/dev/input/mouse1)
[ 80626.803] (II) AutoAddDevices is off - not adding device.
[ 80626.803] (II) config/udev: Adding input device PC Speaker (/dev/input/event4)
[ 80626.803] (II) AutoAddDevices is off - not adding device.
[ 80626.803] (II) config/udev: Adding input device ThinkPad Extra Buttons (/dev/input/event5)
[ 80626.803] (II) AutoAddDevices is off - not adding device.
[ 80670.759] (II) Server terminated successfully (0). Closing log file.
